[INFO]-[2020/05/02 21:35:52] Cloning: lasvegasambucs's clone job's data is not in database, generating data
[INFO]-[2020/05/02 21:35:52] Cloning: lasvegasambucs's clone job's data is not in database, generating data
[INFO]-[2020/05/02 21:35:53] DB Copy: Creating table wpstg0_commentmeta
[INFO]-[2020/05/02 21:35:53] DB Copy: Creating table wpstg0_commentmeta
[INFO]-[2020/05/02 21:35:54] DB Copy: Creating table wpstg0_comments
[INFO]-[2020/05/02 21:35:54] DB Copy: wp_comments as wpstg0_comments from 0 to 10000 records
[INFO]-[2020/05/02 21:35:54] DB Copy: Creating table wpstg0_comments
[INFO]-[2020/05/02 21:35:54] DB Copy: wp_comments as wpstg0_comments from 0 to 10000 records
[INFO]-[2020/05/02 21:35:55] DB Copy: Creating table wpstg0_links
[INFO]-[2020/05/02 21:35:55] DB Copy: Creating table wpstg0_links
[INFO]-[2020/05/02 21:35:56] DB Copy: Creating table wpstg0_nf3_action_meta
[INFO]-[2020/05/02 21:35:56] DB Copy: wp_nf3_action_meta as wpstg0_nf3_action_meta from 0 to 10000 records
[INFO]-[2020/05/02 21:35:56] DB Copy: Creating table wpstg0_nf3_action_meta
[INFO]-[2020/05/02 21:35:56] DB Copy: wp_nf3_action_meta as wpstg0_nf3_action_meta from 0 to 10000 records
[INFO]-[2020/05/02 21:35:56] DB Copy: Creating table wpstg0_nf3_actions
[INFO]-[2020/05/02 21:35:57] DB Copy: wp_nf3_actions as wpstg0_nf3_actions from 0 to 10000 records
[INFO]-[2020/05/02 21:35:56] DB Copy: Creating table wpstg0_nf3_actions
[INFO]-[2020/05/02 21:35:57] DB Copy: wp_nf3_actions as wpstg0_nf3_actions from 0 to 10000 records
[INFO]-[2020/05/02 21:35:57] DB Copy: Creating table wpstg0_nf3_chunks
[INFO]-[2020/05/02 21:35:57] DB Copy: Creating table wpstg0_nf3_chunks
[INFO]-[2020/05/02 21:35:58] DB Copy: Creating table wpstg0_nf3_field_meta
[INFO]-[2020/05/02 21:35:58] DB Copy: wp_nf3_field_meta as wpstg0_nf3_field_meta from 0 to 10000 records
[INFO]-[2020/05/02 21:35:58] DB Copy: Creating table wpstg0_nf3_field_meta
[INFO]-[2020/05/02 21:35:58] DB Copy: wp_nf3_field_meta as wpstg0_nf3_field_meta from 0 to 10000 records
[INFO]-[2020/05/02 21:35:59] DB Copy: Creating table wpstg0_nf3_fields
[INFO]-[2020/05/02 21:35:59] DB Copy: wp_nf3_fields as wpstg0_nf3_fields from 0 to 10000 records
[INFO]-[2020/05/02 21:35:59] DB Copy: Creating table wpstg0_nf3_fields
[INFO]-[2020/05/02 21:35:59] DB Copy: wp_nf3_fields as wpstg0_nf3_fields from 0 to 10000 records
[INFO]-[2020/05/02 21:36:00] DB Copy: Creating table wpstg0_nf3_form_meta
[INFO]-[2020/05/02 21:36:00] DB Copy: wp_nf3_form_meta as wpstg0_nf3_form_meta from 0 to 10000 records
[INFO]-[2020/05/02 21:36:00] DB Copy: Creating table wpstg0_nf3_form_meta
[INFO]-[2020/05/02 21:36:00] DB Copy: wp_nf3_form_meta as wpstg0_nf3_form_meta from 0 to 10000 records
[INFO]-[2020/05/02 21:36:00] DB Copy: Creating table wpstg0_nf3_forms
[INFO]-[2020/05/02 21:36:01] DB Copy: wp_nf3_forms as wpstg0_nf3_forms from 0 to 10000 records
[INFO]-[2020/05/02 21:36:00] DB Copy: Creating table wpstg0_nf3_forms
[INFO]-[2020/05/02 21:36:01] DB Copy: wp_nf3_forms as wpstg0_nf3_forms from 0 to 10000 records
[INFO]-[2020/05/02 21:36:01] DB Copy: Creating table wpstg0_nf3_object_meta
[INFO]-[2020/05/02 21:36:01] DB Copy: Creating table wpstg0_nf3_object_meta
[INFO]-[2020/05/02 21:36:02] DB Copy: Creating table wpstg0_nf3_objects
[INFO]-[2020/05/02 21:36:02] DB Copy: Creating table wpstg0_nf3_objects
[INFO]-[2020/05/02 21:36:03] DB Copy: Creating table wpstg0_nf3_relationships
[INFO]-[2020/05/02 21:36:03] DB Copy: Creating table wpstg0_nf3_relationships
[INFO]-[2020/05/02 21:36:05] DB Copy: Creating table wpstg0_nf3_upgrades
[INFO]-[2020/05/02 21:36:06] DB Copy: wp_nf3_upgrades as wpstg0_nf3_upgrades from 0 to 10000 records
[INFO]-[2020/05/02 21:36:05] DB Copy: Creating table wpstg0_nf3_upgrades
[INFO]-[2020/05/02 21:36:06] DB Copy: wp_nf3_upgrades as wpstg0_nf3_upgrades from 0 to 10000 records
[INFO]-[2020/05/02 21:36:07] DB Copy: Creating table wpstg0_ngg_album
[INFO]-[2020/05/02 21:36:07] DB Copy: wp_ngg_album as wpstg0_ngg_album from 0 to 10000 records
[INFO]-[2020/05/02 21:36:07] DB Copy: Creating table wpstg0_ngg_album
[INFO]-[2020/05/02 21:36:07] DB Copy: wp_ngg_album as wpstg0_ngg_album from 0 to 10000 records
[INFO]-[2020/05/02 21:36:07] DB Copy: Creating table wpstg0_ngg_gallery
[INFO]-[2020/05/02 21:36:08] DB Copy: wp_ngg_gallery as wpstg0_ngg_gallery from 0 to 10000 records
[INFO]-[2020/05/02 21:36:07] DB Copy: Creating table wpstg0_ngg_gallery
[INFO]-[2020/05/02 21:36:08] DB Copy: wp_ngg_gallery as wpstg0_ngg_gallery from 0 to 10000 records
[INFO]-[2020/05/02 21:36:08] DB Copy: Creating table wpstg0_ngg_pictures
[INFO]-[2020/05/02 21:36:08] DB Copy: wp_ngg_pictures as wpstg0_ngg_pictures from 0 to 10000 records
[INFO]-[2020/05/02 21:36:08] DB Copy: Creating table wpstg0_ngg_pictures
[INFO]-[2020/05/02 21:36:08] DB Copy: wp_ngg_pictures as wpstg0_ngg_pictures from 0 to 10000 records
[INFO]-[2020/05/02 21:36:09] DB Copy: Creating table wpstg0_options
[INFO]-[2020/05/02 21:36:09] DB Copy: wp_options as wpstg0_options from 0 to 10000 records
[INFO]-[2020/05/02 21:36:09] DB Copy: Creating table wpstg0_options
[INFO]-[2020/05/02 21:36:09] DB Copy: wp_options as wpstg0_options from 0 to 10000 records
[INFO]-[2020/05/02 21:36:10] DB Copy: Creating table wpstg0_postmeta
[INFO]-[2020/05/02 21:36:10] DB Copy: wp_postmeta as wpstg0_postmeta from 0 to 10000 records
[INFO]-[2020/05/02 21:36:10] DB Copy: Creating table wpstg0_postmeta
[INFO]-[2020/05/02 21:36:10] DB Copy: wp_postmeta as wpstg0_postmeta from 0 to 10000 records
[INFO]-[2020/05/02 21:36:10] DB Copy: Creating table wpstg0_posts
[INFO]-[2020/05/02 21:36:11] DB Copy: wp_posts as wpstg0_posts from 0 to 10000 records
[INFO]-[2020/05/02 21:36:10] DB Copy: Creating table wpstg0_posts
[INFO]-[2020/05/02 21:36:11] DB Copy: wp_posts as wpstg0_posts from 0 to 10000 records
[INFO]-[2020/05/02 21:36:11] DB Copy: Creating table wpstg0_term_relationships
[INFO]-[2020/05/02 21:36:12] DB Copy: wp_term_relationships as wpstg0_term_relationships from 0 to 10000 records
[INFO]-[2020/05/02 21:36:11] DB Copy: Creating table wpstg0_term_relationships
[INFO]-[2020/05/02 21:36:12] DB Copy: wp_term_relationships as wpstg0_term_relationships from 0 to 10000 records
[INFO]-[2020/05/02 21:36:12] DB Copy: Creating table wpstg0_term_taxonomy
[INFO]-[2020/05/02 21:36:12] DB Copy: wp_term_taxonomy as wpstg0_term_taxonomy from 0 to 10000 records
[INFO]-[2020/05/02 21:36:12] DB Copy: Creating table wpstg0_term_taxonomy
[INFO]-[2020/05/02 21:36:12] DB Copy: wp_term_taxonomy as wpstg0_term_taxonomy from 0 to 10000 records
[INFO]-[2020/05/02 21:36:13] DB Copy: Creating table wpstg0_termmeta
[INFO]-[2020/05/02 21:36:13] DB Copy: Creating table wpstg0_termmeta
[INFO]-[2020/05/02 21:36:13] DB Copy: Creating table wpstg0_terms
[INFO]-[2020/05/02 21:36:13] DB Copy: wp_terms as wpstg0_terms from 0 to 10000 records
[INFO]-[2020/05/02 21:36:13] DB Copy: Creating table wpstg0_terms
[INFO]-[2020/05/02 21:36:13] DB Copy: wp_terms as wpstg0_terms from 0 to 10000 records
[INFO]-[2020/05/02 21:36:14] DB Copy: Creating table wpstg0_usermeta
[INFO]-[2020/05/02 21:36:14] DB Copy: wp_usermeta as wpstg0_usermeta from 0 to 10000 records
[INFO]-[2020/05/02 21:36:14] DB Copy: Creating table wpstg0_usermeta
[INFO]-[2020/05/02 21:36:14] DB Copy: wp_usermeta as wpstg0_usermeta from 0 to 10000 records
[INFO]-[2020/05/02 21:36:15] DB Copy: Creating table wpstg0_users
[INFO]-[2020/05/02 21:36:15] DB Copy: wp_users as wpstg0_users from 0 to 10000 records
[INFO]-[2020/05/02 21:36:15] DB Copy: Creating table wpstg0_users
[INFO]-[2020/05/02 21:36:15] DB Copy: wp_users as wpstg0_users from 0 to 10000 records
[]-[] 
[]-[] 
[]-[] 
[]-[] 
[INFO]-[2020/05/02 21:36:17] DB Search & Replace:  Table wpstg0_comments 0 to 5000 records
[INFO]-[2020/05/02 21:36:17] DB Search & Replace:  Table wpstg0_comments 0 to 5000 records
[]-[] 
[]-[] 
[INFO]-[2020/05/02 21:36:18] DB Search & Replace:  Table wpstg0_nf3_action_meta 0 to 5000 records
[INFO]-[2020/05/02 21:36:18] DB Search & Replace:  Table wpstg0_nf3_action_meta 0 to 5000 records
[INFO]-[2020/05/02 21:36:18] DB Search & Replace:  Table wpstg0_nf3_actions 0 to 5000 records
[INFO]-[2020/05/02 21:36:18] DB Search & Replace:  Table wpstg0_nf3_actions 0 to 5000 records
[]-[] 
[]-[] 
[INFO]-[2020/05/02 21:36:20] DB Search & Replace:  Table wpstg0_nf3_field_meta 0 to 5000 records
[INFO]-[2020/05/02 21:36:20] DB Search & Replace:  Table wpstg0_nf3_field_meta 0 to 5000 records
[INFO]-[2020/05/02 21:36:20] DB Search & Replace:  Table wpstg0_nf3_fields 0 to 5000 records
[INFO]-[2020/05/02 21:36:20] DB Search & Replace:  Table wpstg0_nf3_fields 0 to 5000 records
[INFO]-[2020/05/02 21:36:21] DB Search & Replace:  Table wpstg0_nf3_form_meta 0 to 5000 records
[INFO]-[2020/05/02 21:36:21] DB Search & Replace:  Table wpstg0_nf3_form_meta 0 to 5000 records
[INFO]-[2020/05/02 21:36:22] DB Search & Replace:  Table wpstg0_nf3_forms 0 to 5000 records
[INFO]-[2020/05/02 21:36:22] DB Search & Replace:  Table wpstg0_nf3_forms 0 to 5000 records
[]-[] 
[]-[] 
[]-[] 
[]-[] 
[]-[] 
[]-[] 
[INFO]-[2020/05/02 21:36:24] DB Search & Replace:  Table wpstg0_nf3_upgrades 0 to 5000 records
[INFO]-[2020/05/02 21:36:24] DB Search & Replace:  Table wpstg0_nf3_upgrades 0 to 5000 records
[INFO]-[2020/05/02 21:36:25] DB Search & Replace:  Table wpstg0_ngg_album 0 to 5000 records
[INFO]-[2020/05/02 21:36:25] DB Search & Replace:  Table wpstg0_ngg_album 0 to 5000 records
[INFO]-[2020/05/02 21:36:26] DB Search & Replace:  Table wpstg0_ngg_gallery 0 to 5000 records
[INFO]-[2020/05/02 21:36:26] DB Search & Replace:  Table wpstg0_ngg_gallery 0 to 5000 records
[INFO]-[2020/05/02 21:36:26] DB Search & Replace:  Table wpstg0_ngg_pictures 0 to 5000 records
[INFO]-[2020/05/02 21:36:26] DB Search & Replace:  Table wpstg0_ngg_pictures 0 to 5000 records
[INFO]-[2020/05/02 21:36:27] DB Search & Replace:  Table wpstg0_options 0 to 5000 records
[INFO]-[2020/05/02 21:36:27] DB Search & Replace:  Table wpstg0_options 0 to 5000 records
[INFO]-[2020/05/02 21:36:28] DB Search & Replace:  Table wpstg0_postmeta 0 to 5000 records
[INFO]-[2020/05/02 21:36:28] DB Search & Replace:  Table wpstg0_postmeta 0 to 5000 records
[INFO]-[2020/05/02 21:36:28] DB Search & Replace:  Table wpstg0_posts 0 to 5000 records
[INFO]-[2020/05/02 21:36:28] DB Search & Replace:  Table wpstg0_posts 0 to 5000 records
[INFO]-[2020/05/02 21:36:29] DB Search & Replace:  Table wpstg0_term_relationships 0 to 5000 records
[INFO]-[2020/05/02 21:36:29] DB Search & Replace:  Table wpstg0_term_relationships 0 to 5000 records
[INFO]-[2020/05/02 21:36:30] DB Search & Replace:  Table wpstg0_term_taxonomy 0 to 5000 records
[INFO]-[2020/05/02 21:36:30] DB Search & Replace:  Table wpstg0_term_taxonomy 0 to 5000 records
[]-[] 
[]-[] 
[INFO]-[2020/05/02 21:36:31] DB Search & Replace:  Table wpstg0_terms 0 to 5000 records
[INFO]-[2020/05/02 21:36:31] DB Search & Replace:  Table wpstg0_terms 0 to 5000 records
[INFO]-[2020/05/02 21:36:32] DB Search & Replace:  Table wpstg0_usermeta 0 to 5000 records
[INFO]-[2020/05/02 21:36:32] DB Search & Replace:  Table wpstg0_usermeta 0 to 5000 records
[INFO]-[2020/05/02 21:36:33] DB Search & Replace:  Table wpstg0_users 0 to 5000 records
[INFO]-[2020/05/02 21:36:33] DB Search & Replace:  Table wpstg0_users 0 to 5000 records
[]-[] 
[]-[] 
[INFO]-[2020/05/02 21:36:34] Scanning / for files
[INFO]-[2020/05/02 21:36:34] Scanning / for files
[INFO]-[2020/05/02 21:36:35] Scanning wp-content folder /Users/lydlynb/Sites/ambucs/wp-content
[INFO]-[2020/05/02 21:36:35] Scanning wp-content folder /Users/lydlynb/Sites/ambucs/wp-content
[INFO]-[2020/05/02 21:36:36] Scanning /wp-includes for its sub-directories and files
[INFO]-[2020/05/02 21:36:36] Scanning /wp-includes for its sub-directories and files
[INFO]-[2020/05/02 21:36:36] Scanning /wp-admin for its sub-directories and files
[INFO]-[2020/05/02 21:36:36] Scanning /wp-admin for its sub-directories and files
[INFO]-[2020/05/02 21:36:37] Copying files...
[INFO]-[2020/05/02 21:36:38] Total 50 files processed
[INFO]-[2020/05/02 21:36:37] Copying files...
[INFO]-[2020/05/02 21:36:38] Total 50 files processed
[INFO]-[2020/05/02 21:36:39] Total 100 files processed
[INFO]-[2020/05/02 21:36:39] Total 100 files processed
[INFO]-[2020/05/02 21:36:40] Trying to copy big file: /Users/lydlynb/Sites/ambucs/wp-content/plugins/better-font-awesome/vendor/mickey-kay/better-font-awesome-library/lib/fontawesome-iconpicker/extension/screenshot.psd -> /Users/lydlynb/Sites/ambucs/lasvegasambucs/wp-content/plugins/better-font-awesome/vendor/mickey-kay/better-font-awesome-library/lib/fontawesome-iconpicker/extension/screenshot.psd
[INFO]-[2020/05/02 21:36:40] Total 150 files processed
[INFO]-[2020/05/02 21:36:40] Trying to copy big file: /Users/lydlynb/Sites/ambucs/wp-content/plugins/better-font-awesome/vendor/mickey-kay/better-font-awesome-library/lib/fontawesome-iconpicker/extension/screenshot.psd -> /Users/lydlynb/Sites/ambucs/lasvegasambucs/wp-content/plugins/better-font-awesome/vendor/mickey-kay/better-font-awesome-library/lib/fontawesome-iconpicker/extension/screenshot.psd
[INFO]-[2020/05/02 21:36:40] Total 150 files processed
[INFO]-[2020/05/02 21:36:41] Total 200 files processed
[INFO]-[2020/05/02 21:36:41] Total 200 files processed
[INFO]-[2020/05/02 21:36:42] Total 250 files processed
[INFO]-[2020/05/02 21:36:42] Total 250 files processed
[INFO]-[2020/05/02 21:36:43] Total 300 files processed
[INFO]-[2020/05/02 21:36:43] Total 300 files processed
[INFO]-[2020/05/02 21:36:44] Total 350 files processed
[INFO]-[2020/05/02 21:36:44] Total 350 files processed
[INFO]-[2020/05/02 21:36:45] Total 400 files processed
[INFO]-[2020/05/02 21:36:45] Total 400 files processed
[INFO]-[2020/05/02 21:36:46] Total 450 files processed
[INFO]-[2020/05/02 21:36:46] Total 450 files processed
[INFO]-[2020/05/02 21:36:47] Total 500 files processed
[INFO]-[2020/05/02 21:36:47] Total 500 files processed
[INFO]-[2020/05/02 21:36:48] Total 550 files processed
[INFO]-[2020/05/02 21:36:48] Total 550 files processed
[INFO]-[2020/05/02 21:36:49] Total 600 files processed
[INFO]-[2020/05/02 21:36:49] Total 600 files processed
[INFO]-[2020/05/02 21:36:50] Total 650 files processed
[INFO]-[2020/05/02 21:36:50] Total 650 files processed
[INFO]-[2020/05/02 21:36:51] Total 700 files processed
[INFO]-[2020/05/02 21:36:51] Total 700 files processed
[INFO]-[2020/05/02 21:36:52] Total 750 files processed
[INFO]-[2020/05/02 21:36:52] Total 750 files processed
[INFO]-[2020/05/02 21:36:53] Total 800 files processed
[INFO]-[2020/05/02 21:36:53] Total 800 files processed
[INFO]-[2020/05/02 21:36:54] Total 850 files processed
[INFO]-[2020/05/02 21:36:54] Total 850 files processed
[INFO]-[2020/05/02 21:36:55] Total 900 files processed
[INFO]-[2020/05/02 21:36:55] Total 900 files processed
[INFO]-[2020/05/02 21:36:56] Total 950 files processed
[INFO]-[2020/05/02 21:36:56] Total 950 files processed
[INFO]-[2020/05/02 21:36:57] Total 1000 files processed
[INFO]-[2020/05/02 21:36:57] Total 1000 files processed
[INFO]-[2020/05/02 21:36:58] Total 1050 files processed
[INFO]-[2020/05/02 21:36:58] Total 1050 files processed
[INFO]-[2020/05/02 21:36:59] Total 1100 files processed
[INFO]-[2020/05/02 21:36:59] Total 1100 files processed
[INFO]-[2020/05/02 21:37:00] Total 1150 files processed
[INFO]-[2020/05/02 21:37:00] Total 1150 files processed
[INFO]-[2020/05/02 21:37:01] Total 1200 files processed
[INFO]-[2020/05/02 21:37:01] Total 1200 files processed
[INFO]-[2020/05/02 21:37:03] Total 1250 files processed
[INFO]-[2020/05/02 21:37:03] Total 1250 files processed
[INFO]-[2020/05/02 21:37:05] Total 1300 files processed
[INFO]-[2020/05/02 21:37:05] Total 1300 files processed
[INFO]-[2020/05/02 21:37:05] Total 1350 files processed
[INFO]-[2020/05/02 21:37:05] Total 1350 files processed
[INFO]-[2020/05/02 21:37:06] Total 1400 files processed
[INFO]-[2020/05/02 21:37:06] Total 1400 files processed
[INFO]-[2020/05/02 21:37:07] Total 1450 files processed
[INFO]-[2020/05/02 21:37:07] Total 1450 files processed
[INFO]-[2020/05/02 21:37:08] Total 1500 files processed
[INFO]-[2020/05/02 21:37:08] Total 1500 files processed
[INFO]-[2020/05/02 21:37:09] Trying to copy big file: /Users/lydlynb/Sites/ambucs/wp-content/themes/skillcrushstarter/img/gallery/gallery-8.JPG -> /Users/lydlynb/Sites/ambucs/lasvegasambucs/wp-content/themes/skillcrushstarter/img/gallery/gallery-8.JPG
[INFO]-[2020/05/02 21:37:10] Trying to copy big file: /Users/lydlynb/Sites/ambucs/wp-content/themes/skillcrushstarter/img/gallery/gallery-9.jpeg -> /Users/lydlynb/Sites/ambucs/lasvegasambucs/wp-content/themes/skillcrushstarter/img/gallery/gallery-9.jpeg
[INFO]-[2020/05/02 21:37:10] Total 1550 files processed
[INFO]-[2020/05/02 21:37:09] Trying to copy big file: /Users/lydlynb/Sites/ambucs/wp-content/themes/skillcrushstarter/img/gallery/gallery-8.JPG -> /Users/lydlynb/Sites/ambucs/lasvegasambucs/wp-content/themes/skillcrushstarter/img/gallery/gallery-8.JPG
[INFO]-[2020/05/02 21:37:10] Trying to copy big file: /Users/lydlynb/Sites/ambucs/wp-content/themes/skillcrushstarter/img/gallery/gallery-9.jpeg -> /Users/lydlynb/Sites/ambucs/lasvegasambucs/wp-content/themes/skillcrushstarter/img/gallery/gallery-9.jpeg
[INFO]-[2020/05/02 21:37:10] Total 1550 files processed
[INFO]-[2020/05/02 21:37:11] Total 1600 files processed
[INFO]-[2020/05/02 21:37:11] Total 1600 files processed
[INFO]-[2020/05/02 21:37:12] Total 1650 files processed
[INFO]-[2020/05/02 21:37:12] Total 1650 files processed
[INFO]-[2020/05/02 21:37:13] Total 1700 files processed
[INFO]-[2020/05/02 21:37:13] Total 1700 files processed
[INFO]-[2020/05/02 21:37:14] Total 1750 files processed
[INFO]-[2020/05/02 21:37:14] Total 1750 files processed
[INFO]-[2020/05/02 21:37:15] Total 1800 files processed
[INFO]-[2020/05/02 21:37:15] Total 1800 files processed
[INFO]-[2020/05/02 21:37:17] Trying to copy big file: /Users/lydlynb/Sites/ambucs/wp-content/uploads/gallery-2-2048x2048_c.jpg -> /Users/lydlynb/Sites/ambucs/lasvegasambucs/wp-content/uploads/gallery-2-2048x2048_c.jpg
[INFO]-[2020/05/02 21:37:18] Trying to copy big file: /Users/lydlynb/Sites/ambucs/wp-content/uploads/gallery-2-2080x2080_c.jpg -> /Users/lydlynb/Sites/ambucs/lasvegasambucs/wp-content/uploads/gallery-2-2080x2080_c.jpg
[INFO]-[2020/05/02 21:37:18] Total 1850 files processed
[INFO]-[2020/05/02 21:37:17] Trying to copy big file: /Users/lydlynb/Sites/ambucs/wp-content/uploads/gallery-2-2048x2048_c.jpg -> /Users/lydlynb/Sites/ambucs/lasvegasambucs/wp-content/uploads/gallery-2-2048x2048_c.jpg
[INFO]-[2020/05/02 21:37:18] Trying to copy big file: /Users/lydlynb/Sites/ambucs/wp-content/uploads/gallery-2-2080x2080_c.jpg -> /Users/lydlynb/Sites/ambucs/lasvegasambucs/wp-content/uploads/gallery-2-2080x2080_c.jpg
[INFO]-[2020/05/02 21:37:18] Total 1850 files processed
[INFO]-[2020/05/02 21:37:19] Trying to copy big file: /Users/lydlynb/Sites/ambucs/wp-content/uploads/gallery-3-2080x2080_c.jpg -> /Users/lydlynb/Sites/ambucs/lasvegasambucs/wp-content/uploads/gallery-3-2080x2080_c.jpg
[INFO]-[2020/05/02 21:37:21] Total 1900 files processed
[INFO]-[2020/05/02 21:37:19] Trying to copy big file: /Users/lydlynb/Sites/ambucs/wp-content/uploads/gallery-3-2080x2080_c.jpg -> /Users/lydlynb/Sites/ambucs/lasvegasambucs/wp-content/uploads/gallery-3-2080x2080_c.jpg
[INFO]-[2020/05/02 21:37:21] Total 1900 files processed
[INFO]-[2020/05/02 21:37:22] Trying to copy big file: /Users/lydlynb/Sites/ambucs/wp-content/uploads/gallery-5-scaled-1536x1944_c.jpg -> /Users/lydlynb/Sites/ambucs/lasvegasambucs/wp-content/uploads/gallery-5-scaled-1536x1944_c.jpg
[INFO]-[2020/05/02 21:37:22] Trying to copy big file: /Users/lydlynb/Sites/ambucs/wp-content/uploads/gallery-5-scaled-2048x2048_c.jpg -> /Users/lydlynb/Sites/ambucs/lasvegasambucs/wp-content/uploads/gallery-5-scaled-2048x2048_c.jpg
[INFO]-[2020/05/02 21:37:22] Trying to copy big file: /Users/lydlynb/Sites/ambucs/wp-content/uploads/gallery-5-scaled-2080x2080_c.jpg -> /Users/lydlynb/Sites/ambucs/lasvegasambucs/wp-content/uploads/gallery-5-scaled-2080x2080_c.jpg
[INFO]-[2020/05/02 21:37:24] Trying to copy big file: /Users/lydlynb/Sites/ambucs/wp-content/uploads/gallery-6-scaled-2048x2048_c.jpg -> /Users/lydlynb/Sites/ambucs/lasvegasambucs/wp-content/uploads/gallery-6-scaled-2048x2048_c.jpg
[INFO]-[2020/05/02 21:37:24] Trying to copy big file: /Users/lydlynb/Sites/ambucs/wp-content/uploads/gallery-6-scaled-2080x2080_c.jpg -> /Users/lydlynb/Sites/ambucs/lasvegasambucs/wp-content/uploads/gallery-6-scaled-2080x2080_c.jpg
[INFO]-[2020/05/02 21:37:25] Total 1950 files processed
[INFO]-[2020/05/02 21:37:22] Trying to copy big file: /Users/lydlynb/Sites/ambucs/wp-content/uploads/gallery-5-scaled-1536x1944_c.jpg -> /Users/lydlynb/Sites/ambucs/lasvegasambucs/wp-content/uploads/gallery-5-scaled-1536x1944_c.jpg
[INFO]-[2020/05/02 21:37:22] Trying to copy big file: /Users/lydlynb/Sites/ambucs/wp-content/uploads/gallery-5-scaled-2048x2048_c.jpg -> /Users/lydlynb/Sites/ambucs/lasvegasambucs/wp-content/uploads/gallery-5-scaled-2048x2048_c.jpg
[INFO]-[2020/05/02 21:37:22] Trying to copy big file: /Users/lydlynb/Sites/ambucs/wp-content/uploads/gallery-5-scaled-2080x2080_c.jpg -> /Users/lydlynb/Sites/ambucs/lasvegasambucs/wp-content/uploads/gallery-5-scaled-2080x2080_c.jpg
[INFO]-[2020/05/02 21:37:24] Trying to copy big file: /Users/lydlynb/Sites/ambucs/wp-content/uploads/gallery-6-scaled-2048x2048_c.jpg -> /Users/lydlynb/Sites/ambucs/lasvegasambucs/wp-content/uploads/gallery-6-scaled-2048x2048_c.jpg
[INFO]-[2020/05/02 21:37:24] Trying to copy big file: /Users/lydlynb/Sites/ambucs/wp-content/uploads/gallery-6-scaled-2080x2080_c.jpg -> /Users/lydlynb/Sites/ambucs/lasvegasambucs/wp-content/uploads/gallery-6-scaled-2080x2080_c.jpg
[INFO]-[2020/05/02 21:37:25] Total 1950 files processed
[INFO]-[2020/05/02 21:37:27] Trying to copy big file: /Users/lydlynb/Sites/ambucs/wp-content/uploads/gallery-8-scaled-1536x2048_c.jpg -> /Users/lydlynb/Sites/ambucs/lasvegasambucs/wp-content/uploads/gallery-8-scaled-1536x2048_c.jpg
[INFO]-[2020/05/02 21:37:27] Trying to copy big file: /Users/lydlynb/Sites/ambucs/wp-content/uploads/gallery-8-scaled-2048x2048_c.jpg -> /Users/lydlynb/Sites/ambucs/lasvegasambucs/wp-content/uploads/gallery-8-scaled-2048x2048_c.jpg
[INFO]-[2020/05/02 21:37:27] Trying to copy big file: /Users/lydlynb/Sites/ambucs/wp-content/uploads/gallery-8-scaled-2080x2080_c.jpg -> /Users/lydlynb/Sites/ambucs/lasvegasambucs/wp-content/uploads/gallery-8-scaled-2080x2080_c.jpg
[INFO]-[2020/05/02 21:37:27] Trying to copy big file: /Users/lydlynb/Sites/ambucs/wp-content/uploads/gallery-8.jpg -> /Users/lydlynb/Sites/ambucs/lasvegasambucs/wp-content/uploads/gallery-8.jpg
[INFO]-[2020/05/02 21:37:28] Trying to copy big file: /Users/lydlynb/Sites/ambucs/wp-content/uploads/gallery-9-scaled-2048x2048_c.jpeg -> /Users/lydlynb/Sites/ambucs/lasvegasambucs/wp-content/uploads/gallery-9-scaled-2048x2048_c.jpeg
[INFO]-[2020/05/02 21:37:28] Trying to copy big file: /Users/lydlynb/Sites/ambucs/wp-content/uploads/gallery-9-scaled-2080x2080_c.jpeg -> /Users/lydlynb/Sites/ambucs/lasvegasambucs/wp-content/uploads/gallery-9-scaled-2080x2080_c.jpeg
[INFO]-[2020/05/02 21:37:28] Total 2000 files processed
[INFO]-[2020/05/02 21:37:27] Trying to copy big file: /Users/lydlynb/Sites/ambucs/wp-content/uploads/gallery-8-scaled-1536x2048_c.jpg -> /Users/lydlynb/Sites/ambucs/lasvegasambucs/wp-content/uploads/gallery-8-scaled-1536x2048_c.jpg
[INFO]-[2020/05/02 21:37:27] Trying to copy big file: /Users/lydlynb/Sites/ambucs/wp-content/uploads/gallery-8-scaled-2048x2048_c.jpg -> /Users/lydlynb/Sites/ambucs/lasvegasambucs/wp-content/uploads/gallery-8-scaled-2048x2048_c.jpg
[INFO]-[2020/05/02 21:37:27] Trying to copy big file: /Users/lydlynb/Sites/ambucs/wp-content/uploads/gallery-8-scaled-2080x2080_c.jpg -> /Users/lydlynb/Sites/ambucs/lasvegasambucs/wp-content/uploads/gallery-8-scaled-2080x2080_c.jpg
[INFO]-[2020/05/02 21:37:27] Trying to copy big file: /Users/lydlynb/Sites/ambucs/wp-content/uploads/gallery-8.jpg -> /Users/lydlynb/Sites/ambucs/lasvegasambucs/wp-content/uploads/gallery-8.jpg
[INFO]-[2020/05/02 21:37:28] Trying to copy big file: /Users/lydlynb/Sites/ambucs/wp-content/uploads/gallery-9-scaled-2048x2048_c.jpeg -> /Users/lydlynb/Sites/ambucs/lasvegasambucs/wp-content/uploads/gallery-9-scaled-2048x2048_c.jpeg
[INFO]-[2020/05/02 21:37:28] Trying to copy big file: /Users/lydlynb/Sites/ambucs/wp-content/uploads/gallery-9-scaled-2080x2080_c.jpeg -> /Users/lydlynb/Sites/ambucs/lasvegasambucs/wp-content/uploads/gallery-9-scaled-2080x2080_c.jpeg
[INFO]-[2020/05/02 21:37:28] Total 2000 files processed
[INFO]-[2020/05/02 21:37:29] Trying to copy big file: /Users/lydlynb/Sites/ambucs/wp-content/uploads/gallery-9.jpeg -> /Users/lydlynb/Sites/ambucs/lasvegasambucs/wp-content/uploads/gallery-9.jpeg
[INFO]-[2020/05/02 21:37:30] Total 2050 files processed
[INFO]-[2020/05/02 21:37:29] Trying to copy big file: /Users/lydlynb/Sites/ambucs/wp-content/uploads/gallery-9.jpeg -> /Users/lydlynb/Sites/ambucs/lasvegasambucs/wp-content/uploads/gallery-9.jpeg
[INFO]-[2020/05/02 21:37:30] Total 2050 files processed
[INFO]-[2020/05/02 21:37:31] Total 2100 files processed
[INFO]-[2020/05/02 21:37:31] Total 2100 files processed
[INFO]-[2020/05/02 21:37:32] Total 2150 files processed
[INFO]-[2020/05/02 21:37:32] Total 2150 files processed
[INFO]-[2020/05/02 21:37:34] Total 2200 files processed
[INFO]-[2020/05/02 21:37:34] Total 2200 files processed
[INFO]-[2020/05/02 21:37:35] Total 2250 files processed
[INFO]-[2020/05/02 21:37:35] Total 2250 files processed
[INFO]-[2020/05/02 21:37:35] Total 2300 files processed
[INFO]-[2020/05/02 21:37:35] Total 2300 files processed
[INFO]-[2020/05/02 21:37:36] Total 2350 files processed
[INFO]-[2020/05/02 21:37:36] Total 2350 files processed
[INFO]-[2020/05/02 21:37:37] Total 2400 files processed
[INFO]-[2020/05/02 21:37:37] Total 2400 files processed
[INFO]-[2020/05/02 21:37:38] Total 2450 files processed
[INFO]-[2020/05/02 21:37:38] Total 2450 files processed
[INFO]-[2020/05/02 21:37:40] Total 2500 files processed
[INFO]-[2020/05/02 21:37:40] Total 2500 files processed
[INFO]-[2020/05/02 21:37:41] Total 2550 files processed
[INFO]-[2020/05/02 21:37:41] Total 2550 files processed
[INFO]-[2020/05/02 21:37:42] Total 2600 files processed
[INFO]-[2020/05/02 21:37:42] Total 2600 files processed
[INFO]-[2020/05/02 21:37:43] Total 2650 files processed
[INFO]-[2020/05/02 21:37:43] Total 2650 files processed
[INFO]-[2020/05/02 21:37:44] Total 2700 files processed
[INFO]-[2020/05/02 21:37:44] Total 2700 files processed
[INFO]-[2020/05/02 21:37:45] Total 2750 files processed
[INFO]-[2020/05/02 21:37:45] Total 2750 files processed
[INFO]-[2020/05/02 21:37:46] Total 2800 files processed
[INFO]-[2020/05/02 21:37:46] Total 2800 files processed
[INFO]-[2020/05/02 21:37:47] Total 2850 files processed
[INFO]-[2020/05/02 21:37:47] Total 2850 files processed
[INFO]-[2020/05/02 21:37:48] Total 2900 files processed
[INFO]-[2020/05/02 21:37:48] Total 2900 files processed
[INFO]-[2020/05/02 21:37:49] Total 2950 files processed
[INFO]-[2020/05/02 21:37:49] Total 2950 files processed
[INFO]-[2020/05/02 21:37:50] Total 3000 files processed
[INFO]-[2020/05/02 21:37:50] Total 3000 files processed
[INFO]-[2020/05/02 21:37:51] Total 3050 files processed
[INFO]-[2020/05/02 21:37:51] Total 3050 files processed
[INFO]-[2020/05/02 21:37:52] Total 3100 files processed
[INFO]-[2020/05/02 21:37:52] Total 3100 files processed
[INFO]-[2020/05/02 21:37:53] Total 3150 files processed
[INFO]-[2020/05/02 21:37:53] Total 3150 files processed
[INFO]-[2020/05/02 21:37:54] Total 3200 files processed
[INFO]-[2020/05/02 21:37:54] Total 3200 files processed
[INFO]-[2020/05/02 21:37:55] Total 3250 files processed
[INFO]-[2020/05/02 21:37:55] Total 3250 files processed
[INFO]-[2020/05/02 21:37:56] Total 3300 files processed
[INFO]-[2020/05/02 21:37:56] Total 3300 files processed
[INFO]-[2020/05/02 21:37:57] Total 3350 files processed
[INFO]-[2020/05/02 21:37:57] Total 3350 files processed
[INFO]-[2020/05/02 21:37:58] Total 3400 files processed
[INFO]-[2020/05/02 21:37:58] Total 3400 files processed
[INFO]-[2020/05/02 21:37:59] Total 3450 files processed
[INFO]-[2020/05/02 21:37:59] Total 3450 files processed
[INFO]-[2020/05/02 21:38:00] Total 3500 files processed
[INFO]-[2020/05/02 21:38:00] Total 3500 files processed
[INFO]-[2020/05/02 21:38:01] Total 3550 files processed
[INFO]-[2020/05/02 21:38:01] Total 3550 files processed
[INFO]-[2020/05/02 21:38:02] Total 3600 files processed
[INFO]-[2020/05/02 21:38:02] Total 3600 files processed
[INFO]-[2020/05/02 21:38:03] Total 3650 files processed
[INFO]-[2020/05/02 21:38:03] Total 3650 files processed
[WARNING]-[2020/05/02 21:38:04] File doesn't exist /Users/lydlynb/Sites/ambucs/
[WARNING]-[2020/05/02 21:38:04] File doesn't exist /Users/lydlynb/Sites/ambucs/
[INFO]-[2020/05/02 21:38:05] Copying files finished
[INFO]-[2020/05/02 21:38:05] Copying files finished
[INFO]-[2020/05/02 21:38:06] Preparing Data Step0: Copy wp-config.php file
[INFO]-[2020/05/02 21:38:06] Preparing Data Step0: Copy wp-config.php file
[INFO]-[2020/05/02 21:38:06] Preparing Data Step1: Updating siteurl and homeurl in wpstg0_options 
[INFO]-[2020/05/02 21:38:06] Preparing Data Step1: Updating siteurl and homeurl to http://localhost:8888/ambucs/lasvegasambucs
[INFO]-[2020/05/02 21:38:06] Preparing Data Step1: Updating siteurl and homeurl in wpstg0_options 
[INFO]-[2020/05/02 21:38:06] Preparing Data Step1: Updating siteurl and homeurl to http://localhost:8888/ambucs/lasvegasambucs
[INFO]-[2020/05/02 21:38:07] Preparing Data Step2: Updating row wpstg_is_staging_site in wpstg0_options 
[INFO]-[2020/05/02 21:38:07] Preparing Data Step2: Successful
[INFO]-[2020/05/02 21:38:07] Preparing Data Step2: Updating row wpstg_is_staging_site in wpstg0_options 
[INFO]-[2020/05/02 21:38:07] Preparing Data Step2: Successful
[INFO]-[2020/05/02 21:38:07] Preparing Data Step3: Updating rewrite_rules in wpstg0_options 
[INFO]-[2020/05/02 21:38:07] Preparing Data Step3: Updating rewrite_rules in wpstg0_options 
[INFO]-[2020/05/02 21:38:08] Preparing Data Step4: Updating db prefix in wpstg0_usermeta. 
[INFO]-[2020/05/02 21:38:08] Preparing Data Step4: Updating db prefix in wpstg0_usermeta. 
[INFO]-[2020/05/02 21:38:09] Preparing Data Step5: Updating table_prefix in /Users/lydlynb/Sites/ambucs/lasvegasambucs/wp-config.php to wpstg0_
[INFO]-[2020/05/02 21:38:09] Preparing Data Step5: Updating table_prefix in /Users/lydlynb/Sites/ambucs/lasvegasambucs/wp-config.php to wpstg0_
[INFO]-[2020/05/02 21:38:10] Preparing Data Step6: WP installation is not in a subdirectory! Skipping this step
[INFO]-[2020/05/02 21:38:10] Preparing Data Step6: WP installation is not in a subdirectory! Skipping this step
[INFO]-[2020/05/02 21:38:10] Preparing Data Step7: Updating wpstg_rmpermalinks_executed in wpstg0_options 
[INFO]-[2020/05/02 21:38:10] Preparing Data Step7: Finished successfully
[INFO]-[2020/05/02 21:38:10] Preparing Data Step7: Updating wpstg_rmpermalinks_executed in wpstg0_options 
[INFO]-[2020/05/02 21:38:10] Preparing Data Step7: Finished successfully
[INFO]-[2020/05/02 21:38:11] Preparing Data Step8: Updating permalink_structure in wpstg0_options 
[INFO]-[2020/05/02 21:38:11] Preparing Data Step8: Finished successfully
[INFO]-[2020/05/02 21:38:11] Preparing Data Step8: Updating permalink_structure in wpstg0_options 
[INFO]-[2020/05/02 21:38:11] Preparing Data Step8: Finished successfully
[INFO]-[2020/05/02 21:38:11] Preparing Data Step9: Set staging site to noindex
[INFO]-[2020/05/02 21:38:11] Preparing Data Step9: Finished successfully
[INFO]-[2020/05/02 21:38:11] Preparing Data Step9: Set staging site to noindex
[INFO]-[2020/05/02 21:38:11] Preparing Data Step9: Finished successfully
[INFO]-[2020/05/02 21:38:12] Preparing Data Step10: Updating WP_HOME in wp-config.php to http://localhost:8888/ambucs/lasvegasambucs
[INFO]-[2020/05/02 21:38:12] Preparing Data Step10: WP_HOME not defined in wp-config.php. Skipping this step.
[INFO]-[2020/05/02 21:38:12] Preparing Data Step10: Finished successfully
[INFO]-[2020/05/02 21:38:12] Preparing Data Step10: Updating WP_HOME in wp-config.php to http://localhost:8888/ambucs/lasvegasambucs
[INFO]-[2020/05/02 21:38:12] Preparing Data Step10: WP_HOME not defined in wp-config.php. Skipping this step.
[INFO]-[2020/05/02 21:38:12] Preparing Data Step10: Finished successfully
[INFO]-[2020/05/02 21:38:12] Preparing Data Step11: Updating WP_SITEURL in wp-config.php to http://localhost:8888/ambucs/lasvegasambucs
[INFO]-[2020/05/02 21:38:12] Preparing Data Step11: WP_SITEURL not defined in wp-config.php. Skipping this step.
[INFO]-[2020/05/02 21:38:12] Preparing Data Step11: Finished successfully
[INFO]-[2020/05/02 21:38:12] Preparing Data Step11: Updating WP_SITEURL in wp-config.php to http://localhost:8888/ambucs/lasvegasambucs
[INFO]-[2020/05/02 21:38:12] Preparing Data Step11: WP_SITEURL not defined in wp-config.php. Skipping this step.
[INFO]-[2020/05/02 21:38:12] Preparing Data Step11: Finished successfully
[INFO]-[2020/05/02 21:38:13] Preparing Data Step12: Updating db prefix in wpstg0_options.
[INFO]-[2020/05/02 21:38:13] Preparing Data Step12: Skip (custom filtered):   AND option_name <> 'wp_mail_smtp' AND option_name <> 'wp_mail_smtp_version' AND option_name <> 'wp_mail_smtp_debug'
[INFO]-[2020/05/02 21:38:13] Preparing Data Step12: Finished successfully
[INFO]-[2020/05/02 21:38:13] Preparing Data Step12: Updating db prefix in wpstg0_options.
[INFO]-[2020/05/02 21:38:13] Preparing Data Step12: Skip (custom filtered):   AND option_name <> 'wp_mail_smtp' AND option_name <> 'wp_mail_smtp_version' AND option_name <> 'wp_mail_smtp_debug'
[INFO]-[2020/05/02 21:38:13] Preparing Data Step12: Finished successfully
[INFO]-[2020/05/02 21:38:14] Preparing Data Step13: Updating upload_path wpstg0_options.
[INFO]-[2020/05/02 21:38:14] Preparing Data Step13: Skipped
[INFO]-[2020/05/02 21:38:14] Preparing Data Step13: Updating upload_path wpstg0_options.
[INFO]-[2020/05/02 21:38:14] Preparing Data Step13: Skipped
[INFO]-[2020/05/02 21:38:14] Preparing Data Step14: Set WP_CACHE in wp-config.php to false
[INFO]-[2020/05/02 21:38:14] Preparing Data Step14: WP_CACHE not defined in wp-config.php. Skipping this step.
[INFO]-[2020/05/02 21:38:14] Preparing Data Step14: Finished successfully
[INFO]-[2020/05/02 21:38:14] Preparing Data Step14: Set WP_CACHE in wp-config.php to false
[INFO]-[2020/05/02 21:38:14] Preparing Data Step14: WP_CACHE not defined in wp-config.php. Skipping this step.
[INFO]-[2020/05/02 21:38:14] Preparing Data Step14: Finished successfully
[INFO]-[2020/05/02 21:38:15] Preparing Data Step15: Set WP_CONTENT_DIR in wp-config.php to false
[INFO]-[2020/05/02 21:38:15] Preparing Data Step15: WP_CONTENT_DIR not defined in wp-config.php. Skipping this step.
[INFO]-[2020/05/02 21:38:15] Preparing Data Step15: Finished successfully
[INFO]-[2020/05/02 21:38:15] Preparing Data Step15: Set WP_CONTENT_DIR in wp-config.php to false
[INFO]-[2020/05/02 21:38:15] Preparing Data Step15: WP_CONTENT_DIR not defined in wp-config.php. Skipping this step.
[INFO]-[2020/05/02 21:38:15] Preparing Data Step15: Finished successfully
[INFO]-[2020/05/02 21:38:15] Preparing Data Step16: Set WP_CONTENT_URL in wp-config.php to false
[INFO]-[2020/05/02 21:38:15] Preparing Data Step16: WP_CONTENT_URL not defined in wp-config.php. Skipping this step.
[INFO]-[2020/05/02 21:38:15] Preparing Data Step16: Finished successfully
[INFO]-[2020/05/02 21:38:15] Preparing Data Step16: Set WP_CONTENT_URL in wp-config.php to false
[INFO]-[2020/05/02 21:38:15] Preparing Data Step16: WP_CONTENT_URL not defined in wp-config.php. Skipping this step.
[INFO]-[2020/05/02 21:38:15] Preparing Data Step16: Finished successfully
[INFO]-[2020/05/02 21:38:16] Preparing Data Step17: Update UPLOADS constant in wp-config.php
[INFO]-[2020/05/02 21:38:16] Preparing Data Step17: UPLOADS not defined in wp-config.php. Creating new entry.
[INFO]-[2020/05/02 21:38:16] Preparing Data Step17: Finished successfully
[INFO]-[2020/05/02 21:38:16] Preparing Data Step17: Update UPLOADS constant in wp-config.php
[INFO]-[2020/05/02 21:38:16] Preparing Data Step17: UPLOADS not defined in wp-config.php. Creating new entry.
[INFO]-[2020/05/02 21:38:16] Preparing Data Step17: Finished successfully
[]-[] 
[]-[] 
[]-[] 
[]-[] 
[]-[] 
[]-[] 
[INFO]-[2020/05/02 21:38:18] Finish: Deleting clone job's cache files...
[INFO]-[2020/05/02 21:38:18] Finish: Clone job's cache files have been deleted!
[INFO]-[2020/05/02 21:38:18] Finish: Verifying existing clones...
[INFO]-[2020/05/02 21:38:18] Finish: The job finished!
[INFO]-[2020/05/02 21:38:18] Finish: Deleting clone job's cache files...
[INFO]-[2020/05/02 21:38:18] Finish: Clone job's cache files have been deleted!
[INFO]-[2020/05/02 21:38:18] Finish: Verifying existing clones...
[INFO]-[2020/05/02 21:38:18] Finish: The job finished!
